<?xml version="1.0" encoding="UTF-8"?>
<testsuite name="ru.netology.test.AppOrderTests" tests="1" skipped="0" failures="0" errors="0" timestamp="2022-01-05T23:52:29" hostname="DESKTOP-O03L5ML" time="9.964">
  <properties/>
  <testcase name="shouldDeliveryRequest()" classname="ru.netology.test.AppOrderTests" time="9.964"/>
  <system-out><![CDATA[]]></system-out>
  <system-err><![CDATA[Starting ChromeDriver 96.0.4664.45 (76e4c1bb2ab4671b8beba3444e61c0f17584b2fc-refs/branch-heads/4664@{#947}) on port 52270
Only local connections are allowed.
Please see https://chromedriver.chromium.org/security-considerations for suggestions on keeping ChromeDriver safe.
ChromeDriver was started successfully.
янв. 06, 2022 2:52:36 AM org.openqa.selenium.remote.ProtocolHandshake createSession
INFO: Detected dialect: W3C
янв. 06, 2022 2:52:36 AM org.openqa.selenium.devtools.CdpVersionFinder findNearestMatch
INFO: Found exact CDP implementation for version 96
]]></system-err>
</testsuite>
